[0.901s] Invoking command in '/home/william/ORT_ELECTRICAL/ort_ws/src/ort': DEBUGINFOD_URLS=https://debuginfod.ubuntu.com PYTHONPATH=/home/william/ORT_ELECTRICAL/ort_ws/build/ort/prefix_override:/usr/lib/python3/dist-packages/colcon_core/task/python/colcon_distutils_commands:/home/william/ORT_ELECTRICAL/ort_ws/install/ort/lib/python3.12/site-packages:${PYTHONPATH} /usr/bin/python3 -W ignore:setup.py install is deprecated -W ignore:easy_install command is deprecated setup.py egg_info --egg-base ../../build/ort build --build-base /home/william/ORT_ELECTRICAL/ort_ws/build/ort/build install --record /home/william/ORT_ELECTRICAL/ort_ws/build/ort/install.log --single-version-externally-managed install_data
[1.179s] running egg_info
[1.200s] writing ../../build/ort/ort.egg-info/PKG-INFO
[1.200s] writing dependency_links to ../../build/ort/ort.egg-info/dependency_links.txt
[1.200s] writing entry points to ../../build/ort/ort.egg-info/entry_points.txt
[1.200s] writing requirements to ../../build/ort/ort.egg-info/requires.txt
[1.201s] writing top-level names to ../../build/ort/ort.egg-info/top_level.txt
[1.243s] reading manifest file '../../build/ort/ort.egg-info/SOURCES.txt'
[1.243s] adding license file 'LICENSE'
[1.244s] writing manifest file '../../build/ort/ort.egg-info/SOURCES.txt'
[1.244s] running build
[1.244s] running build_py
[1.244s] running install
[1.252s] running install_lib
[1.274s] running install_data
[1.274s] running install_egg_info
[1.297s] removing '/home/william/ORT_ELECTRICAL/ort_ws/install/ort/lib/python3.12/site-packages/ort-0.0.0-py3.12.egg-info' (and everything under it)
[1.297s] Copying ../../build/ort/ort.egg-info to /home/william/ORT_ELECTRICAL/ort_ws/install/ort/lib/python3.12/site-packages/ort-0.0.0-py3.12.egg-info
[1.298s] running install_scripts
[1.430s] Installing qr_node script to /home/william/ORT_ELECTRICAL/ort_ws/install/ort/lib/ort
[1.430s] writing list of installed files to '/home/william/ORT_ELECTRICAL/ort_ws/build/ort/install.log'
[1.457s] Invoked command in '/home/william/ORT_ELECTRICAL/ort_ws/src/ort' returned '0': DEBUGINFOD_URLS=https://debuginfod.ubuntu.com PYTHONPATH=/home/william/ORT_ELECTRICAL/ort_ws/build/ort/prefix_override:/usr/lib/python3/dist-packages/colcon_core/task/python/colcon_distutils_commands:/home/william/ORT_ELECTRICAL/ort_ws/install/ort/lib/python3.12/site-packages:${PYTHONPATH} /usr/bin/python3 -W ignore:setup.py install is deprecated -W ignore:easy_install command is deprecated setup.py egg_info --egg-base ../../build/ort build --build-base /home/william/ORT_ELECTRICAL/ort_ws/build/ort/build install --record /home/william/ORT_ELECTRICAL/ort_ws/build/ort/install.log --single-version-externally-managed install_data
