[0.136s] DEBUG:colcon:Command line arguments: ['/usr/bin/colcon', 'build']
[0.136s] DEBUG:colcon:Parsed command line arguments: Namespace(log_base=None, log_level=None, verb_name='build', build_base='build', install_base='install', merge_install=False, symlink_install=False, test_result_base=None, continue_on_error=False, executor='parallel', parallel_workers=32, event_handlers=None, ignore_user_meta=False, metas=['./colcon.meta'], base_paths=['.'], packages_ignore=None, packages_ignore_regex=None, paths=None, packages_up_to=None, packages_up_to_regex=None, packages_above=None, packages_above_and_dependencies=None, packages_above_depth=None, packages_select_by_dep=None, packages_skip_by_dep=None, packages_skip_up_to=None, packages_select_build_failed=False, packages_skip_build_finished=False, packages_select_test_failures=False, packages_skip_test_passed=False, packages_select=None, packages_skip=None, packages_select_regex=None, packages_skip_regex=None, packages_start=None, packages_end=None, allow_overriding=[], cmake_args=None, cmake_target=None, cmake_target_skip_unavailable=False, cmake_clean_cache=False, cmake_clean_first=False, cmake_force_configure=False, ament_cmake_args=None, catkin_cmake_args=None, catkin_skip_building_tests=False, mixin_files=None, mixin=None, verb_parser=<colcon_mixin.mixin.mixin_argument.MixinArgumentDecorator object at 0x74c7991d9040>, verb_extension=<colcon_core.verb.build.BuildVerb object at 0x74c799b4bce0>, main=<bound method BuildVerb.main of <colcon_core.verb.build.BuildVerb object at 0x74c799b4bce0>>, mixin_verb=('build',))
[0.182s] Level 1:colcon.colcon_core.package_discovery:discover_packages(colcon_meta) check parameters
[0.182s] Level 1:colcon.colcon_core.package_discovery:discover_packages(recursive) check parameters
[0.182s] Level 1:colcon.colcon_core.package_discovery:discover_packages(ignore) check parameters
[0.182s] Level 1:colcon.colcon_core.package_discovery:discover_packages(path) check parameters
[0.182s] Level 1:colcon.colcon_core.package_discovery:discover_packages(colcon_meta) discover
[0.182s] Level 1:colcon.colcon_core.package_discovery:discover_packages(recursive) discover
[0.182s] INFO:colcon.colcon_core.package_discovery:Crawling recursively for packages in '/home/william/ORT_ELECTRICAL/ort_ws'
[0.182s] Level 1:colcon.colcon_core.package_identification:_identify(.) by extensions ['ignore', 'ignore_ament_install']
[0.182s] Level 1:colcon.colcon_core.package_identification:_identify(.) by extension 'ignore'
[0.182s] Level 1:colcon.colcon_core.package_identification:_identify(.) by extension 'ignore_ament_install'
[0.182s] Level 1:colcon.colcon_core.package_identification:_identify(.) by extensions ['colcon_pkg']
[0.182s] Level 1:colcon.colcon_core.package_identification:_identify(.) by extension 'colcon_pkg'
[0.182s] Level 1:colcon.colcon_core.package_identification:_identify(.) by extensions ['colcon_meta']
[0.183s] Level 1:colcon.colcon_core.package_identification:_identify(.) by extension 'colcon_meta'
[0.183s] Level 1:colcon.colcon_core.package_identification:_identify(.) by extensions ['ros']
[0.183s] Level 1:colcon.colcon_core.package_identification:_identify(.) by extension 'ros'
[0.218s] Level 1:colcon.colcon_core.package_identification:_identify(.) by extensions ['cmake', 'python']
[0.218s] Level 1:colcon.colcon_core.package_identification:_identify(.) by extension 'cmake'
[0.218s] Level 1:colcon.colcon_core.package_identification:_identify(.) by extension 'python'
[0.218s] Level 1:colcon.colcon_core.package_identification:_identify(.) by extensions ['python_setup_py']
[0.218s] Level 1:colcon.colcon_core.package_identification:_identify(.) by extension 'python_setup_py'
[0.218s] Level 1:colcon.colcon_core.package_identification:_identify(build) by extensions ['ignore', 'ignore_ament_install']
[0.218s] Level 1:colcon.colcon_core.package_identification:_identify(build) by extension 'ignore'
[0.218s] Level 1:colcon.colcon_core.package_identification:_identify(build) ignored
[0.218s] Level 1:colcon.colcon_core.package_identification:_identify(install) by extensions ['ignore', 'ignore_ament_install']
[0.218s] Level 1:colcon.colcon_core.package_identification:_identify(install) by extension 'ignore'
[0.218s] Level 1:colcon.colcon_core.package_identification:_identify(install) ignored
[0.219s] Level 1:colcon.colcon_core.package_identification:_identify(log) by extensions ['ignore', 'ignore_ament_install']
[0.219s] Level 1:colcon.colcon_core.package_identification:_identify(log) by extension 'ignore'
[0.219s] Level 1:colcon.colcon_core.package_identification:_identify(log) ignored
[0.219s] Level 1:colcon.colcon_core.package_identification:_identify(src) by extensions ['ignore', 'ignore_ament_install']
[0.219s] Level 1:colcon.colcon_core.package_identification:_identify(src) by extension 'ignore'
[0.219s] Level 1:colcon.colcon_core.package_identification:_identify(src) by extension 'ignore_ament_install'
[0.219s] Level 1:colcon.colcon_core.package_identification:_identify(src) by extensions ['colcon_pkg']
[0.219s] Level 1:colcon.colcon_core.package_identification:_identify(src) by extension 'colcon_pkg'
[0.219s] Level 1:colcon.colcon_core.package_identification:_identify(src) by extensions ['colcon_meta']
[0.219s] Level 1:colcon.colcon_core.package_identification:_identify(src) by extension 'colcon_meta'
[0.219s] Level 1:colcon.colcon_core.package_identification:_identify(src) by extensions ['ros']
[0.219s] Level 1:colcon.colcon_core.package_identification:_identify(src) by extension 'ros'
[0.219s] Level 1:colcon.colcon_core.package_identification:_identify(src) by extensions ['cmake', 'python']
[0.219s] Level 1:colcon.colcon_core.package_identification:_identify(src) by extension 'cmake'
[0.219s] Level 1:colcon.colcon_core.package_identification:_identify(src) by extension 'python'
[0.219s] Level 1:colcon.colcon_core.package_identification:_identify(src) by extensions ['python_setup_py']
[0.219s] Level 1:colcon.colcon_core.package_identification:_identify(src) by extension 'python_setup_py'
[0.220s] Level 1:colcon.colcon_core.package_identification:_identify(src/ort) by extensions ['ignore', 'ignore_ament_install']
[0.220s] Level 1:colcon.colcon_core.package_identification:_identify(src/ort) by extension 'ignore'
[0.220s] Level 1:colcon.colcon_core.package_identification:_identify(src/ort) by extension 'ignore_ament_install'
[0.220s] Level 1:colcon.colcon_core.package_identification:_identify(src/ort) by extensions ['colcon_pkg']
[0.220s] Level 1:colcon.colcon_core.package_identification:_identify(src/ort) by extension 'colcon_pkg'
[0.220s] Level 1:colcon.colcon_core.package_identification:_identify(src/ort) by extensions ['colcon_meta']
[0.220s] Level 1:colcon.colcon_core.package_identification:_identify(src/ort) by extension 'colcon_meta'
[0.220s] Level 1:colcon.colcon_core.package_identification:_identify(src/ort) by extensions ['ros']
[0.220s] Level 1:colcon.colcon_core.package_identification:_identify(src/ort) by extension 'ros'
[0.223s] DEBUG:colcon.colcon_core.package_identification:Package 'src/ort' with type 'ros.ament_python' and name 'ort'
[0.223s] Level 1:colcon.colcon_core.package_discovery:discover_packages(recursive) using defaults
[0.223s] Level 1:colcon.colcon_core.package_discovery:discover_packages(ignore) discover
[0.223s] Level 1:colcon.colcon_core.package_discovery:discover_packages(ignore) using defaults
[0.223s] Level 1:colcon.colcon_core.package_discovery:discover_packages(path) discover
[0.223s] Level 1:colcon.colcon_core.package_discovery:discover_packages(path) using defaults
[0.250s] Level 1:colcon.colcon_core.package_discovery:discover_packages(prefix_path) check parameters
[0.250s] Level 1:colcon.colcon_core.package_discovery:discover_packages(prefix_path) discover
[0.254s] DEBUG:colcon.colcon_installed_package_information.package_discovery:Found 1 installed packages in /home/william/ORT_ELECTRICAL/ort_ws/install
[0.256s] DEBUG:colcon.colcon_installed_package_information.package_discovery:Found 68 installed packages in /home/william/TBRo-CC/tbro_ws/install
[0.259s] DEBUG:colcon.colcon_installed_package_information.package_discovery:Found 358 installed packages in /opt/ros/jazzy
[0.263s] Level 1:colcon.colcon_core.package_discovery:discover_packages(prefix_path) using defaults
[0.322s] Level 5:colcon.colcon_core.verb:set package 'ort' build argument 'cmake_args' from command line to 'None'
[0.322s] Level 5:colcon.colcon_core.verb:set package 'ort' build argument 'cmake_target' from command line to 'None'
[0.322s] Level 5:colcon.colcon_core.verb:set package 'ort' build argument 'cmake_target_skip_unavailable' from command line to 'False'
[0.322s] Level 5:colcon.colcon_core.verb:set package 'ort' build argument 'cmake_clean_cache' from command line to 'False'
[0.322s] Level 5:colcon.colcon_core.verb:set package 'ort' build argument 'cmake_clean_first' from command line to 'False'
[0.322s] Level 5:colcon.colcon_core.verb:set package 'ort' build argument 'cmake_force_configure' from command line to 'False'
[0.322s] Level 5:colcon.colcon_core.verb:set package 'ort' build argument 'ament_cmake_args' from command line to 'None'
[0.323s] Level 5:colcon.colcon_core.verb:set package 'ort' build argument 'catkin_cmake_args' from command line to 'None'
[0.323s] Level 5:colcon.colcon_core.verb:set package 'ort' build argument 'catkin_skip_building_tests' from command line to 'False'
[0.323s] DEBUG:colcon.colcon_core.verb:Building package 'ort' with the following arguments: {'ament_cmake_args': None, 'build_base': '/home/william/ORT_ELECTRICAL/ort_ws/build/ort', 'catkin_cmake_args': None, 'catkin_skip_building_tests': False, 'cmake_args': None, 'cmake_clean_cache': False, 'cmake_clean_first': False, 'cmake_force_configure': False, 'cmake_target': None, 'cmake_target_skip_unavailable': False, 'install_base': '/home/william/ORT_ELECTRICAL/ort_ws/install/ort', 'merge_install': False, 'path': '/home/william/ORT_ELECTRICAL/ort_ws/src/ort', 'symlink_install': False, 'test_result_base': None}
[0.323s] INFO:colcon.colcon_core.executor:Executing jobs using 'parallel' executor
[0.324s] DEBUG:colcon.colcon_parallel_executor.executor.parallel:run_until_complete
[0.324s] INFO:colcon.colcon_ros.task.ament_python.build:Building ROS package in '/home/william/ORT_ELECTRICAL/ort_ws/src/ort' with build type 'ament_python'
[0.324s] Level 1:colcon.colcon_core.shell:create_environment_hook('ort', 'ament_prefix_path')
[0.326s] INFO:colcon.colcon_core.plugin_system:Skipping extension 'colcon_core.shell.bat': Not used on non-Windows systems
[0.327s] INFO:colcon.colcon_core.shell:Creating environment hook '/home/william/ORT_ELECTRICAL/ort_ws/install/ort/share/ort/hook/ament_prefix_path.ps1'
[0.327s] INFO:colcon.colcon_core.shell:Creating environment descriptor '/home/william/ORT_ELECTRICAL/ort_ws/install/ort/share/ort/hook/ament_prefix_path.dsv'
[0.328s] INFO:colcon.colcon_core.shell:Creating environment hook '/home/william/ORT_ELECTRICAL/ort_ws/install/ort/share/ort/hook/ament_prefix_path.sh'
[0.328s] INFO:colcon.colcon_core.shell:Skip shell extension 'powershell' for command environment: Not usable outside of PowerShell
[0.328s] DEBUG:colcon.colcon_core.shell:Skip shell extension 'dsv' for command environment
[0.618s] INFO:colcon.colcon_core.task.python.build:Building Python package in '/home/william/ORT_ELECTRICAL/ort_ws/src/ort'
[0.618s] INFO:colcon.colcon_core.shell:Skip shell extension 'powershell' for command environment: Not usable outside of PowerShell
[0.619s] DEBUG:colcon.colcon_core.shell:Skip shell extension 'dsv' for command environment
[1.324s] DEBUG:colcon.colcon_core.event_handler.log_command:Invoking command in '/home/william/ORT_ELECTRICAL/ort_ws/src/ort': DEBUGINFOD_URLS=https://debuginfod.ubuntu.com PYTHONPATH=/home/william/ORT_ELECTRICAL/ort_ws/build/ort/prefix_override:/usr/lib/python3/dist-packages/colcon_core/task/python/colcon_distutils_commands:/home/william/ORT_ELECTRICAL/ort_ws/install/ort/lib/python3.12/site-packages:${PYTHONPATH} /usr/bin/python3 -W ignore:setup.py install is deprecated -W ignore:easy_install command is deprecated setup.py egg_info --egg-base ../../build/ort build --build-base /home/william/ORT_ELECTRICAL/ort_ws/build/ort/build install --record /home/william/ORT_ELECTRICAL/ort_ws/build/ort/install.log --single-version-externally-managed install_data
[1.976s] DEBUG:colcon.colcon_core.event_handler.log_command:Invoked command in '/home/william/ORT_ELECTRICAL/ort_ws/src/ort' returned '0': DEBUGINFOD_URLS=https://debuginfod.ubuntu.com PYTHONPATH=/home/william/ORT_ELECTRICAL/ort_ws/build/ort/prefix_override:/usr/lib/python3/dist-packages/colcon_core/task/python/colcon_distutils_commands:/home/william/ORT_ELECTRICAL/ort_ws/install/ort/lib/python3.12/site-packages:${PYTHONPATH} /usr/bin/python3 -W ignore:setup.py install is deprecated -W ignore:easy_install command is deprecated setup.py egg_info --egg-base ../../build/ort build --build-base /home/william/ORT_ELECTRICAL/ort_ws/build/ort/build install --record /home/william/ORT_ELECTRICAL/ort_ws/build/ort/install.log --single-version-externally-managed install_data
[1.977s] Level 1:colcon.colcon_core.environment:checking '/home/william/ORT_ELECTRICAL/ort_ws/install/ort' for CMake module files
[1.978s] Level 1:colcon.colcon_core.environment:checking '/home/william/ORT_ELECTRICAL/ort_ws/install/ort' for CMake config files
[1.978s] Level 1:colcon.colcon_core.environment:checking '/home/william/ORT_ELECTRICAL/ort_ws/install/ort/lib'
[1.978s] Level 1:colcon.colcon_core.environment:checking '/home/william/ORT_ELECTRICAL/ort_ws/install/ort/bin'
[1.978s] Level 1:colcon.colcon_core.environment:checking '/home/william/ORT_ELECTRICAL/ort_ws/install/ort/lib/pkgconfig/ort.pc'
[1.979s] Level 1:colcon.colcon_core.environment:checking '/home/william/ORT_ELECTRICAL/ort_ws/install/ort/lib/python3.12/site-packages'
[1.979s] Level 1:colcon.colcon_core.shell:create_environment_hook('ort', 'pythonpath')
[1.979s] INFO:colcon.colcon_core.shell:Creating environment hook '/home/william/ORT_ELECTRICAL/ort_ws/install/ort/share/ort/hook/pythonpath.ps1'
[1.979s] INFO:colcon.colcon_core.shell:Creating environment descriptor '/home/william/ORT_ELECTRICAL/ort_ws/install/ort/share/ort/hook/pythonpath.dsv'
[1.980s] INFO:colcon.colcon_core.shell:Creating environment hook '/home/william/ORT_ELECTRICAL/ort_ws/install/ort/share/ort/hook/pythonpath.sh'
[1.980s] Level 1:colcon.colcon_core.environment:checking '/home/william/ORT_ELECTRICAL/ort_ws/install/ort/bin'
[1.980s] Level 1:colcon.colcon_core.environment:create_environment_scripts_only(ort)
[1.980s] INFO:colcon.colcon_core.shell:Creating package script '/home/william/ORT_ELECTRICAL/ort_ws/install/ort/share/ort/package.ps1'
[1.981s] INFO:colcon.colcon_core.shell:Creating package descriptor '/home/william/ORT_ELECTRICAL/ort_ws/install/ort/share/ort/package.dsv'
[1.982s] INFO:colcon.colcon_core.shell:Creating package script '/home/william/ORT_ELECTRICAL/ort_ws/install/ort/share/ort/package.sh'
[1.982s] INFO:colcon.colcon_core.shell:Creating package script '/home/william/ORT_ELECTRICAL/ort_ws/install/ort/share/ort/package.bash'
[1.983s] INFO:colcon.colcon_core.shell:Creating package script '/home/william/ORT_ELECTRICAL/ort_ws/install/ort/share/ort/package.zsh'
[1.983s] Level 1:colcon.colcon_core.environment:create_file_with_runtime_dependencies(/home/william/ORT_ELECTRICAL/ort_ws/install/ort/share/colcon-core/packages/ort)
[1.984s] DEBUG:colcon.colcon_parallel_executor.executor.parallel:closing loop
[1.984s] DEBUG:colcon.colcon_parallel_executor.executor.parallel:loop closed
[1.984s] DEBUG:colcon.colcon_parallel_executor.executor.parallel:run_until_complete finished with '0'
[1.984s] DEBUG:colcon.colcon_core.event_reactor:joining thread
[1.991s] INFO:colcon.colcon_core.plugin_system:Skipping extension 'colcon_notification.desktop_notification.terminal_notifier': Not used on non-Darwin systems
[1.991s] INFO:colcon.colcon_core.plugin_system:Skipping extension 'colcon_notification.desktop_notification.win32': Not used on non-Windows systems
[1.991s] INFO:colcon.colcon_notification.desktop_notification:Sending desktop notification using 'notify2'
[2.040s] DEBUG:colcon.colcon_core.event_reactor:joined thread
[2.040s] INFO:colcon.colcon_core.shell:Creating prefix script '/home/william/ORT_ELECTRICAL/ort_ws/install/local_setup.ps1'
[2.041s] INFO:colcon.colcon_core.shell:Creating prefix util module '/home/william/ORT_ELECTRICAL/ort_ws/install/_local_setup_util_ps1.py'
[2.042s] INFO:colcon.colcon_core.shell:Creating prefix chain script '/home/william/ORT_ELECTRICAL/ort_ws/install/setup.ps1'
[2.045s] INFO:colcon.colcon_core.shell:Creating prefix script '/home/william/ORT_ELECTRICAL/ort_ws/install/local_setup.sh'
[2.046s] INFO:colcon.colcon_core.shell:Creating prefix util module '/home/william/ORT_ELECTRICAL/ort_ws/install/_local_setup_util_sh.py'
[2.046s] INFO:colcon.colcon_core.shell:Creating prefix chain script '/home/william/ORT_ELECTRICAL/ort_ws/install/setup.sh'
[2.051s] INFO:colcon.colcon_core.shell:Creating prefix script '/home/william/ORT_ELECTRICAL/ort_ws/install/local_setup.bash'
[2.051s] INFO:colcon.colcon_core.shell:Creating prefix chain script '/home/william/ORT_ELECTRICAL/ort_ws/install/setup.bash'
[2.056s] INFO:colcon.colcon_core.shell:Creating prefix script '/home/william/ORT_ELECTRICAL/ort_ws/install/local_setup.zsh'
[2.056s] INFO:colcon.colcon_core.shell:Creating prefix chain script '/home/william/ORT_ELECTRICAL/ort_ws/install/setup.zsh'
