running egg_info
creating ../../build/ort/ort.egg-info
writing ../../build/ort/ort.egg-info/PKG-INFO
writing dependency_links to ../../build/ort/ort.egg-info/dependency_links.txt
writing entry points to ../../build/ort/ort.egg-info/entry_points.txt
writing requirements to ../../build/ort/ort.egg-info/requires.txt
writing top-level names to ../../build/ort/ort.egg-info/top_level.txt
writing manifest file '../../build/ort/ort.egg-info/SOURCES.txt'
reading manifest file '../../build/ort/ort.egg-info/SOURCES.txt'
adding license file 'LICENSE'
writing manifest file '../../build/ort/ort.egg-info/SOURCES.txt'
running build
running build_py
creating /home/william/ORT_ELECTRICAL/ort_ws/build/ort/build
creating /home/william/ORT_ELECTRICAL/ort_ws/build/ort/build/lib
creating /home/william/ORT_ELECTRICAL/ort_ws/build/ort/build/lib/ort
copying ort/qr_node.py -> /home/william/ORT_ELECTRICAL/ort_ws/build/ort/build/lib/ort
copying ort/__init__.py -> /home/william/ORT_ELECTRICAL/ort_ws/build/ort/build/lib/ort
running install
running install_lib
creating /home/william/ORT_ELECTRICAL/ort_ws/install/ort/lib/python3.12/site-packages/ort
copying /home/william/ORT_ELECTRICAL/ort_ws/build/ort/build/lib/ort/qr_node.py -> /home/william/ORT_ELECTRICAL/ort_ws/install/ort/lib/python3.12/site-packages/ort
copying /home/william/ORT_ELECTRICAL/ort_ws/build/ort/build/lib/ort/__init__.py -> /home/william/ORT_ELECTRICAL/ort_ws/install/ort/lib/python3.12/site-packages/ort
byte-compiling /home/william/ORT_ELECTRICAL/ort_ws/install/ort/lib/python3.12/site-packages/ort/qr_node.py to qr_node.cpython-312.pyc
byte-compiling /home/william/ORT_ELECTRICAL/ort_ws/install/ort/lib/python3.12/site-packages/ort/__init__.py to __init__.cpython-312.pyc
running install_data
creating /home/william/ORT_ELECTRICAL/ort_ws/install/ort/share/ament_index
creating /home/william/ORT_ELECTRICAL/ort_ws/install/ort/share/ament_index/resource_index
creating /home/william/ORT_ELECTRICAL/ort_ws/install/ort/share/ament_index/resource_index/packages
copying resource/ort -> /home/william/ORT_ELECTRICAL/ort_ws/install/ort/share/ament_index/resource_index/packages
copying package.xml -> /home/william/ORT_ELECTRICAL/ort_ws/install/ort/share/ort
running install_egg_info
Copying ../../build/ort/ort.egg-info to /home/william/ORT_ELECTRICAL/ort_ws/install/ort/lib/python3.12/site-packages/ort-0.0.0-py3.12.egg-info
running install_scripts
Installing qr_node script to /home/william/ORT_ELECTRICAL/ort_ws/install/ort/lib/ort
writing list of installed files to '/home/william/ORT_ELECTRICAL/ort_ws/build/ort/install.log'
