running egg_info
writing ../../build/ort/ort.egg-info/PKG-INFO
writing dependency_links to ../../build/ort/ort.egg-info/dependency_links.txt
writing entry points to ../../build/ort/ort.egg-info/entry_points.txt
writing requirements to ../../build/ort/ort.egg-info/requires.txt
writing top-level names to ../../build/ort/ort.egg-info/top_level.txt
reading manifest file '../../build/ort/ort.egg-info/SOURCES.txt'
adding license file 'LICENSE'
writing manifest file '../../build/ort/ort.egg-info/SOURCES.txt'
running build
running build_py
copying ort/teleop.py -> /home/william/ORT_ELECTRICAL/ort_ws/build/ort/build/lib/ort
running install
running install_lib
copying /home/william/ORT_ELECTRICAL/ort_ws/build/ort/build/lib/ort/teleop.py -> /home/william/ORT_ELECTRICAL/ort_ws/install/ort/lib/python3.12/site-packages/ort
byte-compiling /home/william/ORT_ELECTRICAL/ort_ws/install/ort/lib/python3.12/site-packages/ort/teleop.py to teleop.cpython-312.pyc
running install_data
running install_egg_info
removing '/home/william/ORT_ELECTRICAL/ort_ws/install/ort/lib/python3.12/site-packages/ort-0.0.0-py3.12.egg-info' (and everything under it)
Copying ../../build/ort/ort.egg-info to /home/william/ORT_ELECTRICAL/ort_ws/install/ort/lib/python3.12/site-packages/ort-0.0.0-py3.12.egg-info
running install_scripts
Installing qr_node script to /home/william/ORT_ELECTRICAL/ort_ws/install/ort/lib/ort
writing list of installed files to '/home/william/ORT_ELECTRICAL/ort_ws/build/ort/install.log'
