[0.615s] Invoking command in '/home/william/ORT_ELECTRICAL/ort_ws/src/ort': DEBUGINFOD_URLS=https://debuginfod.ubuntu.com PYTHONPATH=/home/william/ORT_ELECTRICAL/ort_ws/build/ort/prefix_override:/usr/lib/python3/dist-packages/colcon_core/task/python/colcon_distutils_commands:/home/william/ORT_ELECTRICAL/ort_ws/install/ort/lib/python3.12/site-packages:${PYTHONPATH} /usr/bin/python3 -W ignore:setup.py install is deprecated -W ignore:easy_install command is deprecated setup.py egg_info --egg-base ../../build/ort build --build-base /home/william/ORT_ELECTRICAL/ort_ws/build/ort/build install --record /home/william/ORT_ELECTRICAL/ort_ws/build/ort/install.log --single-version-externally-managed install_data
[0.799s] running egg_info
[0.811s] writing ../../build/ort/ort.egg-info/PKG-INFO
[0.811s] writing dependency_links to ../../build/ort/ort.egg-info/dependency_links.txt
[0.811s] writing entry points to ../../build/ort/ort.egg-info/entry_points.txt
[0.811s] writing requirements to ../../build/ort/ort.egg-info/requires.txt
[0.812s] writing top-level names to ../../build/ort/ort.egg-info/top_level.txt
[0.835s] reading manifest file '../../build/ort/ort.egg-info/SOURCES.txt'
[0.836s] adding license file 'LICENSE'
[0.836s] writing manifest file '../../build/ort/ort.egg-info/SOURCES.txt'
[0.836s] running build
[0.836s] running build_py
[0.836s] copying ort/teleop.py -> /home/william/ORT_ELECTRICAL/ort_ws/build/ort/build/lib/ort
[0.836s] running install
[0.841s] running install_lib
[0.852s] copying /home/william/ORT_ELECTRICAL/ort_ws/build/ort/build/lib/ort/teleop.py -> /home/william/ORT_ELECTRICAL/ort_ws/install/ort/lib/python3.12/site-packages/ort
[0.853s] byte-compiling /home/william/ORT_ELECTRICAL/ort_ws/install/ort/lib/python3.12/site-packages/ort/teleop.py to teleop.cpython-312.pyc
[0.853s] running install_data
[0.853s] running install_egg_info
[0.866s] removing '/home/william/ORT_ELECTRICAL/ort_ws/install/ort/lib/python3.12/site-packages/ort-0.0.0-py3.12.egg-info' (and everything under it)
[0.866s] Copying ../../build/ort/ort.egg-info to /home/william/ORT_ELECTRICAL/ort_ws/install/ort/lib/python3.12/site-packages/ort-0.0.0-py3.12.egg-info
[0.867s] running install_scripts
[0.950s] Installing qr_node script to /home/william/ORT_ELECTRICAL/ort_ws/install/ort/lib/ort
[0.951s] writing list of installed files to '/home/william/ORT_ELECTRICAL/ort_ws/build/ort/install.log'
[0.967s] Invoked command in '/home/william/ORT_ELECTRICAL/ort_ws/src/ort' returned '0': DEBUGINFOD_URLS=https://debuginfod.ubuntu.com PYTHONPATH=/home/william/ORT_ELECTRICAL/ort_ws/build/ort/prefix_override:/usr/lib/python3/dist-packages/colcon_core/task/python/colcon_distutils_commands:/home/william/ORT_ELECTRICAL/ort_ws/install/ort/lib/python3.12/site-packages:${PYTHONPATH} /usr/bin/python3 -W ignore:setup.py install is deprecated -W ignore:easy_install command is deprecated setup.py egg_info --egg-base ../../build/ort build --build-base /home/william/ORT_ELECTRICAL/ort_ws/build/ort/build install --record /home/william/ORT_ELECTRICAL/ort_ws/build/ort/install.log --single-version-externally-managed install_data
